Diagnose log at 2025-07-12T17:28:13Z

AppPath: /usr/bin/git-credential-manager
InstallDir: /usr/lib/share/git-credential-manager-bin/
Version: 2.6.1+786ab03440ddc82e807a97c0e540f5247e44cec6

------------
Diagnostic: Environment
Skipped: False
Success: True
Exception: None
Log:
OSType: Linux
OSVersion: Arch Linux
Reading environment variables... OK
 Variables:
XDG_SESSION_PATH=/org/freedesktop/DisplayManager/Session1
TERM_PROGRAM_VERSION=3.5a
TERM=tmux-256color
FNM_RESOLVE_ENGINES=true
SHELL=/usr/bin/fish
I3SOCK=/run/user/1000/i3/ipc-socket.1510
XDG_RUNTIME_DIR=/run/user/1000
GTK_MODULES=canberra-gtk-module
PATH=/run/user/1000/fnm_multishells/4464_1752341243333/bin:/home/psyduck/.fnm:/home/psyduck/.local/bin:/run/user/1000/fnm_multishells/3545_1752341179831/bin:/home/psyduck/.fnm:/run/user/1000/fnm_multishells/1542_1752341018850/bin:/home/psyduck/.fnm:/usr/local/sbin:/usr/local/bin:/usr/bin:/opt/android-sdk/platform-tools:/usr/lib/jvm/default/bin:/usr/bin/site_perl:/usr/bin/vendor_perl:/usr/bin/core_perl
COLORTERM=truecolor
XDG_SESSION_DESKTOP=i3
SHLVL=3
GHOSTTY_SHELL_INTEGRATION_NO_CURSOR=1
XDG_SEAT_PATH=/org/freedesktop/DisplayManager/Seat0
MOTD_SHOWN=pam
TERMINFO=/usr/share/terminfo
GIT_TRACE2_PARENT_SID=5f590173-1346-4f83-8bb2-5ec30f8a24f8
GTK3_MODULES=xapp-gtk3-module
FNM_ARCH=x64
TMUX_PANE=%0
MAIL=/var/spool/mail/psyduck
GHOSTTY_SHELL_INTEGRATION_NO_SUDO=1
TERM_PROGRAM=tmux
XDG_VTNR=2
XDG_SESSION_CLASS=user
XDG_CURRENT_DESKTOP=i3
PWD=/home/psyduck/repos/.dotfiles
FNM_COREPACK_ENABLED=false
FNM_LOGLEVEL=info
XDG_SEAT=seat0
FNM_DIR=/home/psyduck/.local/share/fnm
LANG=C.UTF-8
DESKTOP_SESSION=i3
HOME=/home/psyduck
XDG_DATA_DIRS=/home/psyduck/.local/share/flatpak/exports/share:/var/lib/flatpak/exports/share:/usr/local/share:/usr/share
FNM_NODE_DIST_MIRROR=https://nodejs.org/dist
WINDOWID=20971524
USER=psyduck
LOGNAME=psyduck
GHOSTTY_RESOURCES_DIR=/usr/share/ghostty
DBUS_SESSION_BUS_ADDRESS=unix:path=/run/user/1000/bus
FNM_MULTISHELL_PATH=/run/user/1000/fnm_multishells/4464_1752341243333
TMUX=/tmp/tmux-1000/default,4455,0
XDG_SESSION_ID=2
XDG_SESSION_TYPE=x11
XAUTHORITY=/tmp/xauth_sFlXgp
GHOSTTY_BIN_DIR=/usr/bin
FNM_VERSION_FILE_STRATEGY=local
PAM_KWALLET5_LOGIN=/run/user/1000/kwallet5.socket
DEBUGINFOD_URLS=https://debuginfod.archlinux.org 
DISPLAY=:0


------------
Diagnostic: File system
Skipped: False
Success: True
Exception: None
Log:
Temporary directory is '/tmp/'...
Checking basic file I/O...
Writing to temporary file '/tmp/afe546f5a229ea76715bbdf6'... OK
Reading from temporary file '/tmp/afe546f5a229ea76715bbdf6'... OK
Deleting temporary file '/tmp/afe546f5a229ea76715bbdf6'... OK
Testing IFileSystem instance...
UserHomePath: /home/psyduck
UserDataDirectoryPath: /home/psyduck/.gcm
GetCurrentDirectory(): /home/psyduck/repos/.dotfiles

------------
Diagnostic: Networking
Skipped: False
Success: True
Exception: None
Log:
Checking networking and HTTP stack...
Creating HTTP client... OK
IsNetworkAvailable: True
Sending HEAD request to http://example.com...Sending HEAD request to https://example.com... OK
 OK
Acquiring free TCP port... OK
Testing local HTTP loopback connections...
Creating new HTTP listener for http://localhost:36735/... OK
Waiting for loopback connection... OK
Writing response... OK
Waiting for response data... OK
Loopback connection data OK

------------
Diagnostic: Git
Skipped: False
Success: True
Exception: None
Log:
Getting Git version... OK
Git version is '2.50.1'
Locating current repository...Git repository at '/home/psyduck/repos/.dotfiles/.git'
 OK
Listing all Git configuration... OK
Git configuration:
file:/home/psyduck/.gitconfig	credential.helper=
file:/home/psyduck/.gitconfig	credential.helper=/usr/bin/git-credential-manager
file:/home/psyduck/.gitconfig	credential.credentialstore=secretservice
file:/home/psyduck/.gitconfig	credential.https://dev.azure.com.usehttppath=true
file:/home/psyduck/.gitconfig	user.email=rudransh.shr@gmail.com
file:/home/psyduck/.gitconfig	user.name=Rudransh Shrivastava
file:/home/psyduck/.gitconfig	credential.https://git.coffeecodes.in.provider=generic
file:/home/psyduck/.gitconfig	alias.tree=log --graph --pretty=format:'%C(auto)%h%d %s %C(black)%C(bold)%cr' --all
file:/home/psyduck/.gitconfig	protocol.file.allow=always
file:/home/psyduck/.gitconfig	core.editor=nvim
file:.git/config	core.repositoryformatversion=0
file:.git/config	core.filemode=true
file:.git/config	core.bare=false
file:.git/config	core.logallrefupdates=true
file:.git/config	remote.origin.url=https://github.com/rudransh-shrivastava/.dotfiles
file:.git/config	remote.origin.fetch=+refs/heads/*:refs/remotes/origin/*
file:.git/config	branch.main.remote=origin
file:.git/config	branch.main.merge=refs/heads/main


------------
Diagnostic: Credential storage
Skipped: False
Success: False
Exception:
GitCredentialManager.Interop.InteropException: Failed to open secret service session
 ---> System.Exception: The name is not activatable
   --- End of inner exception stack trace ---
   at GitCredentialManager.Interop.Linux.SecretServiceCollection.GetSecretService()
   at GitCredentialManager.Interop.Linux.SecretServiceCollection.Remove(String service, String account)
   at GitCredentialManager.CredentialStore.Remove(String service, String account)
   at GitCredentialManager.Diagnostics.CredentialStoreDiagnostic.RunInternalAsync(StringBuilder log, IList`1 additionalFiles)
   at GitCredentialManager.Diagnostics.Diagnostic.RunAsync()
Log:
ICredentialStore instance is of type: CredentialStore
Writing test credential...Deleting test credential...
------------
Diagnostic: Microsoft authentication (AAD/MSA)
Skipped: False
Success: True
Exception: None
Log:
Broker is not enabled.
Flow type is: Auto
Gathering MSAL token cache data... OK
CacheDirectory: /home/psyduck/.local/.IdentityService
CacheFileName: msal.cache
CacheFilePath: /home/psyduck/.local/.IdentityService/msal.cache
KeyringCollection: 
KeyringSchemaName: 
KeyringSecretLabel: 
KeyringAttribute1: (,)
KeyringAttribute2: (,)
Creating cache helper... OK
Verifying MSAL token cache persistence... OK

------------
Diagnostic: GitHub API
Skipped: False
Success: True
Exception: None
Log:
Using 'https://github.com/' as API target.
Querying '/meta' endpoint... OK

